[tori-x.com/index.html]
[cdn.jsdelivr.net/npm/bootstrap@5.1.3/dist/css/bootstrap.min.css]
[tori-x.com/images/favicon.ico]
[backblue.gif]
[fade.gif]
[index.html]
[tori-x.com/stylesheets/cover.css]
[tori-x.com/stylesheets/cover_mob.css]
[tori-x.com/images/logo.svg]
[tori-x.com/images/twitter.png]
[tori-x.com/images/discord logo.png]
[cdnjs.cloudflare.com/ajax/libs/jquery/3.6.0/jquery.min.js]
[cdn.jsdelivr.net/npm/bootstrap@5.1.3/dist/js/bootstrap.min.js]
[kit.fontawesome.com/eb3551e939.js]
[tori-x.com/index.html]
[cdn.jsdelivr.net/npm/bootstrap@5.1.3/dist/css/bootstrap.min.css]
[tori-x.com/javascripts/asli.js]
[tori-x.com/images/bkg.jpg]
[tori-x.com/stylesheets/cover.css]
[tori-x.com/stylesheets/cover_mob.css]
[tori-x.com/images/logo.svg]
[tori-x.com/javascripts/asli.js]
